    1  ls -a
    2  ls -l
    3  ls /
    4  ls /usr
    5  pwd
    6  cd ~
    7  cd /
    8  cd .
    9  cd /root
   10  pwd
   11  cd /root
   12  cd usr
   13  cd /usr
   14  pwd
   15  cd /home
   16  mkdir test1
   17  ls
   18  cd /home
   19  mkdir test2/test3
   20  mkdir -p test2/test3
   21  ls
   22  ls test2
   23  cd /home
   24  touch test1/index.php
   25  ls test1
   26  cd /home/test1 && ls
   27  cd /home/test1
   28  cp index.php copy.php
   29  ls
   30  cd /home
   31  cp -r test1 test4
   32  ls
   33  ls test4
   34  cd /home
   35  mv test2/test3 test3
   36  ls
   37  mv test4 test1_copy
   38  ls
   39  ls test1
   40  rm test1/copy.php
   41  ls test1
   42  rm -r test3
   43  rm -r test3
   44  ls
   45  rm test1_copy/*.php
   46  ls test1_copy
   47  cat README.md
   48  cd ?home
   49  cd /home
   50  echo '# Hello World' > README.md
   51  cat README.md
   52  echo '# Server Lesson' > README.md
   53  cat README.md
   54  cd /home
   55  echo '# Linux Practice' >> README.md
   56  echo '--------------------' >> README.md
   57  cat README.md
   58  vi README.md
   59  vi README.md
   60  cd /root
   61  mkdir server_lesson && cd server_lesson
   62  git version
   63  yum update -y && yum -y install git
   64  git version
   65  git init
   66  touch first.txt
   67  ls
   68  mkdir linux_practice1
   69  ls
   70*
   71  mkdir linux_practice1/public
   72  ls linux_practice1
   73  touch public/index.php
   74  cd /public
   75  touch public/index.php
   76  cd /server_lesson
   77  ls linux_practice1
   78  touch public/index.php
   79  touch -p public/index.php
   80  ls public
   81  ls linux_practice1/public
   82  touch -p linux_practice1/public/index.php
   83  touch linux_practice1/public/index.php
   84  ls linux_practice1/public
   85  cp index.php index_bk.php
   86  cd linux_practice1/public
   87  cp index.php index_bk.php
   88  ls
   89  cd linux_practice1
   90  cd server_lesson/linux_practice1
   91  ls
   92  cd ..
   93  cp public tmp
   94  cp -r public tmp
   95  ls
   96  cd linux_practice1/tmp
   97  cd tmp
   98  cd ..
   99  rm tmp/index_bk.php
  100  cd ..
  101  ls
  102  cd linux_practice1/tmp
  103  ls
  104  cd ..
  105  cd ..
  106* touch
  107  vi README.md
  108  mkdir linux_practice2
  109  cd server_lesson/linux_practice2
  110  cd linux_practice2
  111  mkdir documents
  112  cd docments
  113  cd documents
  114  cd gizumo01.md
  115  cd documents/gizumo01.md
  116  touch gizumo01.md
  117  cp gizumo01.md gizumo02.md
  118  cp gizumo01.md gizumo03.md
  119  cp gizumo01.md gizumo04.md
  120  cp gizumo01.md gizumo05.md
  121  cp gizumo01.md gizumo06.md
  122  cp gizumo01.md gizumo07.md
  123  cp gizumo01.md gizumo08.md
  124  cp gizumo01.md gizumo09.md
  125  cp gizumo01.md gizumo10.md
  126  cp gizumo01.md gizumo11.md
  127  cp gizumo01.md gizumo12.md
  128  cp gizumo01.md gizumo13.md
  129  cp gizumo01.md gizumo14.md
  130  cp gizumo01.md gizumo15.md
  131  cp gizumo01.md gizumo16.md
  132  cp gizumo01.md gizumo17.md
  133  cp gizumo01.md gizumo18.md
  134  cp gizumo01.md gizumo19.md
  135  cp gizumo01.md gizumo20.md
  136  cp gizumo01.md gizumo21.md
  137  cp gizumo01.md gizumo22.md
  138  cp gizumo01.md gizumo23.md
  139  cp gizumo01.md gizumo24.md
  140  cp gizumo01.md gizumo25.md
  141  cp gizumo01.md gizumo26.md
  142  cp gizumo01.md gizumo27.md
  143  cp gizumo01.md gizumo28.md
  144  cp gizumo01.md gizumo29.md
  145  cp gizumo01.md gizumo30.md
  146  cp gizumo01.md gizumo31.md
  147  cp gizumo01.md gizumo32.md
  148  cp gizumo01.md gizumo33.md
  149  cp gizumo01.md gizumo34.md
  150  cp gizumo01.md gizumo35.md
  151  cp gizumo01.md gizumo36.md
  152  cp gizumo01.md gizumo37.md
  153  cp gizumo01.md gizumo38.md
  154  cp gizumo01.md gizumo39.md
  155  cp gizumo01.md gizumo40.md
  156  cp gizumo01.md gizumo41.md
  157  cp gizumo01.md gizumo42.md
  158  cp gizumo01.md gizumo43.md
  159  cp gizumo01.md gizumo44.md
  160  cp gizumo01.md gizumo45.md
  161  cp gizumo01.md gizumo46.md
  162  cp gizumo01.md gizumo47.md
  163  cp gizumo01.md gizumo48.md
  164  cp gizumo01.md gizumo49.md
  165  cp gizumo01.md gizumo50.md
  166  cd ..
  167  mkdir trash
  168  cd trash
  169  cd ..
  170  mv documents/gizumo2?.md trash
  171  ls trash
  172  mv documents/gizumo3?.md trash
  173  mv documents/gizumo40.md trash
  174  ls trash
  175  touch .gitignore
  176  ls
  177  vi .gitignore
  178  ls trash
  179  vi .gitignore
  180  ls trash
  181  vi .gitignore
  182  ls trash
  183  vi .gitignore
  184  vi .gitignore
  185  ls trash
  186  vi .gitignore
  187  ls trash
  188  cd ..
  189  ls
  190  ls -a
  191  ls -l
  192  ls
  193  ls /linux_practice2
  194  history 300
